<?xml version="1.0" encoding="UTF-8"?>
<testng-results ignored="0" total="1" passed="1" failed="0" skipped="0">
  <reporter-output>
  </reporter-output>
  <suite started-at="2024-10-20T14:17:56 GST" name="Automation Suite" finished-at="2024-10-20T14:18:31 GST" duration-ms="34977">
    <groups>
    </groups>
    <test started-at="2024-10-20T14:17:56 GST" name="Login Tests" finished-at="2024-10-20T14:18:31 GST" duration-ms="34977">
      <class name="tests.Test_CheckoutPdt_NewUser">
        <test-method is-config="true" signature="setupExtentReports()[pri:0, instance:tests.Test_CheckoutPdt_NewUser@131ef10]" started-at="2024-10-20T14:17:56 GST" name="setupExtentReports" finished-at="2024-10-20T14:17:56 GST" duration-ms="260" status="PASS">
          <reporter-output>
          </reporter-output>
        </test-method> <!-- setupExtentReports -->
        <test-method is-config="true" signature="intialiseBrowser()[pri:0, instance:tests.Test_CheckoutPdt_NewUser@131ef10]" started-at="2024-10-20T14:17:56 GST" name="intialiseBrowser" finished-at="2024-10-20T14:18:10 GST" duration-ms="13479" status="PASS">
          <reporter-output>
          </reporter-output>
        </test-method> <!-- intialiseBrowser -->
        <test-method signature="validateProductCheckoutForNewUser(java.util.HashMap)[pri:0, instance:tests.Test_CheckoutPdt_NewUser@131ef10]" started-at="2024-10-20T14:18:10 GST" name="validateProductCheckoutForNewUser" description="Order journey for new customer" data-provider="getData" finished-at="2024-10-20T14:18:31 GST" duration-ms="21138" status="PASS">
          <params>
            <param index="0">
              <value>
                <![CDATA[{firstName=Tester, lastName=One, password=Test@123, searchkey=MAGNA-TILES, productName=MAGNA-TILES - Safari Animals 25-Piece Set, email=testerone@gmail.com}]]>
              </value>
            </param>
          </params>
          <reporter-output>
          </reporter-output>
        </test-method> <!-- validateProductCheckoutForNewUser -->
        <test-method is-config="true" signature="tearDownBrowser()[pri:0, instance:tests.Test_CheckoutPdt_NewUser@131ef10]" started-at="2024-10-20T14:18:31 GST" name="tearDownBrowser" finished-at="2024-10-20T14:18:31 GST" duration-ms="143" status="PASS">
          <reporter-output>
          </reporter-output>
        </test-method> <!-- tearDownBrowser -->
        <test-method is-config="true" signature="tearDownExtentReports()[pri:0, instance:tests.Test_CheckoutPdt_NewUser@131ef10]" started-at="2024-10-20T14:18:32 GST" name="tearDownExtentReports" finished-at="2024-10-20T14:18:32 GST" duration-ms="16" status="PASS">
          <reporter-output>
          </reporter-output>
        </test-method> <!-- tearDownExtentReports -->
      </class> <!-- tests.Test_CheckoutPdt_NewUser -->
    </test> <!-- Login Tests -->
  </suite> <!-- Automation Suite -->
</testng-results>
